<?xml version="1.0" encoding="UTF-8"?>
<testng-results skipped="0" failed="0" ignored="0" total="1" passed="1">
  <reporter-output>
  </reporter-output>
  <suite name="Default suite" duration-ms="57" started-at="2018-05-06T07:17:45Z" finished-at="2018-05-06T07:17:45Z">
    <groups>
    </groups>
    <test name="Default test" duration-ms="57" started-at="2018-05-06T07:17:45Z" finished-at="2018-05-06T07:17:45Z">
      <class name="com.maven.java.AppiumTest">
        <test-method status="PASS" signature="f()[pri:0, instance:com.maven.java.AppiumTest@5f2108b5]" name="f" duration-ms="19" started-at="2018-05-06T07:17:45Z" finished-at="2018-05-06T07:17:45Z">
          <reporter-output>
          </reporter-output>
        </test-method> <!-- f -->
      </class> <!-- com.maven.java.AppiumTest -->
    </test> <!-- Default test -->
  </suite> <!-- Default suite -->
</testng-results>
